<?xml version="1.0" encoding="UTF-8"?>
<rss xmlns:itunes="http://www.itunes.com/dtds/podcast-1.0.dtd" version="2.0">
<channel>
<title>Открытая библиотека. Диалоги</title>
<link>http://open-lib.ru/<link>
<language>ru-ru</language>
<itunes:author>Открытая библиотека</itunes:author>
<itunes:summary>Общественно-культурные дискуссии в формате диалогов</itunes:summary>
<description>Изначально мы считали свой целью переустройство городских общедоступных библиотек, расширение формата их работы. Сегодня ОБ устраивает дискуссии, участие в которых принимают лучшие русскоязычные спикеры.

Мы рады самым разным участникам и гостям вне зависимости от их возраста, образования и мировоззрения. 

Вход на все мероприятия ОБ всегда свободен.</description>
<itunes:explicit>no</itunes:explicit>
<itunes:image href="https://uploads-ssl.webflow.com/58766c674659e66627896b38/5876e3b5e3fbefe451e0558d_openlib.png" />
<itunes:category text="Society &amp; Culture"/></itunes:category>

<item>
<title>s05e22. Эволюция человека (Людмила Улицкая — Александр Сокуров)</title>
<link>http://open-lib.ru/dialogues/ulitskayasokurov</link>
<enclosure url="https://archive.org/download/openlib-s05-e22/s05e22-sokurov-ulitskaya-64k.mp3" type="audio/mpeg" length="29268889"/>
<pubDate>Sat, 25 Aug 2018 16:00:00 +0000</pubDate>
<itunes:duration>01:00:58</itunes:duration>
<guid>s05e22</guid>
</item> 

</channel>
</rss>
